Started at Mon Apr 29 08:19:12 UTC 2024
Processing first-pipeline
Offering first-pipeline to Project Build Discarder
Processing free-first-project
Offering free-first-project to Project Build Discarder
Finished at Mon Apr 29 08:19:12 UTC 2024. 33ms
Started at Mon Apr 29 09:19:12 UTC 2024
Processing first-pipeline
Offering first-pipeline to Project Build Discarder
Processing free-first-project
Offering free-first-project to Project Build Discarder
Finished at Mon Apr 29 09:19:12 UTC 2024. 10ms
Started at Mon Apr 29 10:19:12 UTC 2024
Processing first-pipeline
Offering first-pipeline to Project Build Discarder
Processing free-first-project
Offering free-first-project to Project Build Discarder
Finished at Mon Apr 29 10:19:12 UTC 2024. 34ms
Started at Mon Apr 29 11:19:12 UTC 2024
Processing first-pipeline
Offering first-pipeline to Project Build Discarder
Processing free-first-project
Offering free-first-project to Project Build Discarder
Finished at Mon Apr 29 11:19:12 UTC 2024. 19ms
Started at Mon Apr 29 12:19:12 UTC 2024
Processing first-pipeline
Offering first-pipeline to Project Build Discarder
Processing free-first-project
Offering free-first-project to Project Build Discarder
Finished at Mon Apr 29 12:19:12 UTC 2024. 18ms
Started at Mon Apr 29 13:19:14 UTC 2024
Processing first-pipeline
Offering first-pipeline to Project Build Discarder
Processing free-first-project
Offering free-first-project to Project Build Discarder
Finished at Mon Apr 29 13:19:14 UTC 2024. 7ms
Started at Mon Apr 29 14:19:14 UTC 2024
Processing first-pipeline
Offering first-pipeline to Project Build Discarder
Processing free-first-project
Offering free-first-project to Project Build Discarder
Finished at Mon Apr 29 14:19:14 UTC 2024. 23ms
Started at Mon Apr 29 15:19:14 UTC 2024
Processing first-pipeline
Offering first-pipeline to Project Build Discarder
Processing free-first-project
Offering free-first-project to Project Build Discarder
Finished at Mon Apr 29 15:19:14 UTC 2024. 11ms
Started at Mon Apr 29 16:19:14 UTC 2024
Processing first-pipeline
Offering first-pipeline to Project Build Discarder
Processing free-first-project
Offering free-first-project to Project Build Discarder
Finished at Mon Apr 29 16:19:14 UTC 2024. 22ms
Started at Mon Apr 29 17:19:14 UTC 2024
Processing first-pipeline
Offering first-pipeline to Project Build Discarder
Processing free-first-project
Offering free-first-project to Project Build Discarder
Finished at Mon Apr 29 17:19:14 UTC 2024. 18ms
Started at Mon Apr 29 18:19:14 UTC 2024
Processing first-pipeline
Offering first-pipeline to Project Build Discarder
Processing free-first-project
Offering free-first-project to Project Build Discarder
Finished at Mon Apr 29 18:19:14 UTC 2024. 30ms
Started at Mon Apr 29 19:19:14 UTC 2024
Processing first-pipeline
Offering first-pipeline to Project Build Discarder
Processing free-first-project
Offering free-first-project to Project Build Discarder
Finished at Mon Apr 29 19:19:14 UTC 2024. 5ms
Started at Mon Apr 29 20:19:14 UTC 2024
Processing first-pipeline
Offering first-pipeline to Project Build Discarder
Processing free-first-project
Offering free-first-project to Project Build Discarder
Finished at Mon Apr 29 20:19:14 UTC 2024. 21ms
Started at Mon Apr 29 21:19:14 UTC 2024
Processing first-pipeline
Offering first-pipeline to Project Build Discarder
Processing free-first-project
Offering free-first-project to Project Build Discarder
Finished at Mon Apr 29 21:19:14 UTC 2024. 15ms
Started at Mon Apr 29 22:19:14 UTC 2024
Processing first-pipeline
Offering first-pipeline to Project Build Discarder
Processing free-first-project
Offering free-first-project to Project Build Discarder
Finished at Mon Apr 29 22:19:14 UTC 2024. 11ms
Started at Mon Apr 29 23:19:14 UTC 2024
Processing first-pipeline
Offering first-pipeline to Project Build Discarder
Processing free-first-project
Offering free-first-project to Project Build Discarder
Finished at Mon Apr 29 23:19:14 UTC 2024. 18ms
Started at Tue Apr 30 00:19:14 UTC 2024
Processing first-pipeline
Offering first-pipeline to Project Build Discarder
Processing free-first-project
Offering free-first-project to Project Build Discarder
Finished at Tue Apr 30 00:19:14 UTC 2024. 25ms
Started at Tue Apr 30 01:19:14 UTC 2024
Processing first-pipeline
Offering first-pipeline to Project Build Discarder
Processing free-first-project
Offering free-first-project to Project Build Discarder
Finished at Tue Apr 30 01:19:14 UTC 2024. 33ms
Started at Tue Apr 30 02:19:14 UTC 2024
Processing first-pipeline
Offering first-pipeline to Project Build Discarder
Processing free-first-project
Offering free-first-project to Project Build Discarder
Finished at Tue Apr 30 02:19:14 UTC 2024. 27ms
